<?xml version="1.0" encoding="UTF-8"?>
<testng-results total="2" passed="2" failed="0" skipped="0">
  <reporter-output>
  </reporter-output>
  <suite started-at="2021-10-20T04:47:45Z" name="Epam Testing Hackathon" finished-at="2021-10-20T04:48:37Z" duration-ms="51648">
    <groups>
    </groups>
    <test started-at="2021-10-20T04:47:45Z" name="Smoke Test - Web UI" finished-at="2021-10-20T04:48:37Z" duration-ms="51648">
      <class name="com.ui.tests.web.GoogleTest">
        <test-method is-config="true" signature="driverInitiator(java.lang.String)[pri:0, instance:com.ui.tests.web.GoogleTest@3098cf3b]" started-at="2021-10-20T10:17:45Z" name="driverInitiator" finished-at="2021-10-20T10:17:48Z" duration-ms="2788" status="PASS">
          <params>
            <param index="0">
              <value>
                <![CDATA[chrome]]>
              </value>
            </param>
          </params>
          <reporter-output>
          </reporter-output>
        </test-method> <!-- driverInitiator -->
        <test-method is-config="true" signature="launchUrl()[pri:0, instance:com.ui.tests.web.GoogleTest@3098cf3b]" started-at="2021-10-20T10:17:48Z" name="launchUrl" finished-at="2021-10-20T10:17:49Z" duration-ms="1401" status="PASS">
          <reporter-output>
          </reporter-output>
        </test-method> <!-- launchUrl -->
        <test-method signature="sampleTest()[pri:0, instance:com.ui.tests.web.GoogleTest@3098cf3b]" started-at="2021-10-20T10:17:49Z" name="sampleTest" finished-at="2021-10-20T10:18:11Z" duration-ms="22011" status="PASS">
          <reporter-output>
          </reporter-output>
        </test-method> <!-- sampleTest -->
        <test-method is-config="true" signature="afterMethod()[pri:0, instance:com.ui.tests.web.GoogleTest@3098cf3b]" started-at="2021-10-20T10:18:11Z" name="afterMethod" finished-at="2021-10-20T10:18:12Z" duration-ms="700" status="PASS">
          <reporter-output>
          </reporter-output>
        </test-method> <!-- afterMethod -->
      </class> <!-- com.ui.tests.web.GoogleTest -->
      <class name="com.ui.tests.web.GoogleTestSecond">
        <test-method is-config="true" signature="driverInitiator(java.lang.String)[pri:0, instance:com.ui.tests.web.GoogleTestSecond@610f7aa]" started-at="2021-10-20T10:18:12Z" name="driverInitiator" finished-at="2021-10-20T10:18:13Z" duration-ms="1309" status="PASS">
          <params>
            <param index="0">
              <value>
                <![CDATA[chrome]]>
              </value>
            </param>
          </params>
          <reporter-output>
          </reporter-output>
        </test-method> <!-- driverInitiator -->
        <test-method is-config="true" signature="launchUrl()[pri:0, instance:com.ui.tests.web.GoogleTestSecond@610f7aa]" started-at="2021-10-20T10:18:13Z" name="launchUrl" finished-at="2021-10-20T10:18:14Z" duration-ms="1352" status="PASS">
          <reporter-output>
          </reporter-output>
        </test-method> <!-- launchUrl -->
        <test-method signature="sampleTest()[pri:0, instance:com.ui.tests.web.GoogleTestSecond@610f7aa]" started-at="2021-10-20T10:18:14Z" name="sampleTest" finished-at="2021-10-20T10:18:36Z" duration-ms="21375" status="PASS">
          <reporter-output>
          </reporter-output>
        </test-method> <!-- sampleTest -->
        <test-method is-config="true" signature="afterMethod()[pri:0, instance:com.ui.tests.web.GoogleTestSecond@610f7aa]" started-at="2021-10-20T10:18:36Z" name="afterMethod" finished-at="2021-10-20T10:18:37Z" duration-ms="694" status="PASS">
          <reporter-output>
          </reporter-output>
        </test-method> <!-- afterMethod -->
      </class> <!-- com.ui.tests.web.GoogleTestSecond -->
    </test> <!-- Smoke Test - Web UI -->
  </suite> <!-- Epam Testing Hackathon -->
</testng-results>
